ember.debug.js:56710 Attempting transition to jxpgenrquserrolexitem.jxlist
ember.debug.js:29645 Preparing to transition from 'jxpgenmenuxitem.jxadminusers' to ' jxpgenrquserrolexitem.jxlist'
ember.debug.js:56707 Transition #4: jxpgenrquserrolexitem: calling beforeModel hook
ember.debug.js:56707 Transition #4: jxpgenrquserrolexitem: calling deserialize hook
ember.debug.js:56707 Transition #4: jxpgenrquserrolexitem: calling afterModel hook
ember.debug.js:56707 Transition #4: jxpgenrquserrolexitem.jxlist: calling beforeModel hook
ember.debug.js:56707 Transition #4: jxpgenrquserrolexitem.jxlist: calling deserialize hook
tools.js:134 routes::paginatorRouteBase::routes::paginatorRouteBase::Router::jxpgenrquserrolexitem::jxllist::model::start::
tools.js:134 routes::paginatorRouteBase::           
tools.js:134 routes::paginatorRouteBase::           routes::paginatorRouteBase::::Router::jxpgenrquserrolexitem::jxllist::model::model_pprovided_params::start_dbg_obj
tools.js:134 routes::paginatorRouteBase::           {"page":1}
tools.js:134 routes::paginatorRouteBase::           routes::paginatorRouteBase::::Router::jxpgenrquserrolexitem::jxllist::model::model_pprovided_params::end_dbg_obj
tools.js:134 routes::paginatorRouteBase::           
tools.js:134 routes::paginatorRouteBase::routes::paginatorRouteBase::Router::jxpgenrquserrolexitem::jxllist::model::model_parent_start::
tools.js:134 routes::paginatorRouteBase::routes::paginatorRouteBase::model::method::start
tools.js:134 routes::paginatorRouteBase::routes::paginatorRouteBase::execute_model::::method::start
tools.js:134 routes::paginatorRouteBase::           
tools.js:134 routes::paginatorRouteBase::           routes::paginatorRouteBase::::model::params::[dd_data]::start_dbg_obj
tools.js:134 routes::paginatorRouteBase::           {"page":1}
tools.js:134 routes::paginatorRouteBase::           routes::paginatorRouteBase::::model::params::[dd_data]::end_dbg_obj
tools.js:134 routes::paginatorRouteBase::           
tools.js:134 routes::paginatorRouteBase::routes::paginatorRouteBase::execute_model::::method::start:0 page
tools.js:134 routes::paginatorRouteBase::routes::paginatorRouteBase::execute_model::::method::start:1 id
tools.js:134 routes::paginatorRouteBase::routes::paginatorRouteBase::execute_model::::method::start:2 filter_id
tools.js:134 routes::paginatorRouteBase::routes::paginatorRouteBase::execute_model::::method::start:3 rqequal_id
tools.js:134 routes::paginatorRouteBase::routes::paginatorRouteBase::execute_model::::method::start:4 rqlt_id
tools.js:134 routes::paginatorRouteBase::routes::paginatorRouteBase::execute_model::::method::start:5 rqgt_id
tools.js:134 routes::paginatorRouteBase::routes::paginatorRouteBase::execute_model::::method::start:6 label
tools.js:134 routes::paginatorRouteBase::routes::paginatorRouteBase::execute_model::::method::start:7 filter_label
tools.js:134 routes::paginatorRouteBase::routes::paginatorRouteBase::execute_model::::method::start:8 rqequal_label
tools.js:134 routes::paginatorRouteBase::routes::paginatorRouteBase::execute_model::::method::start:9 rqlt_label
tools.js:134 routes::paginatorRouteBase::routes::paginatorRouteBase::execute_model::::method::start:10 rqgt_label
tools.js:134 routes::paginatorRouteBase::routes::paginatorRouteBase::execute_model::::method::start:11 slug
tools.js:134 routes::paginatorRouteBase::routes::paginatorRouteBase::execute_model::::method::start:12 filter_slug
tools.js:134 routes::paginatorRouteBase::routes::paginatorRouteBase::execute_model::::method::start:13 rqequal_slug
tools.js:134 routes::paginatorRouteBase::routes::paginatorRouteBase::execute_model::::method::start:14 rqlt_slug
tools.js:134 routes::paginatorRouteBase::routes::paginatorRouteBase::execute_model::::method::start:15 rqgt_slug
tools.js:134 routes::paginatorRouteBase::routes::paginatorRouteBase::execute_model::::method::start:16 hash
tools.js:134 routes::paginatorRouteBase::routes::paginatorRouteBase::execute_model::::method::start:17 filter_hash
tools.js:134 routes::paginatorRouteBase::routes::paginatorRouteBase::execute_model::::method::start:18 rqequal_hash
tools.js:134 routes::paginatorRouteBase::routes::paginatorRouteBase::execute_model::::method::start:19 rqlt_hash
tools.js:134 routes::paginatorRouteBase::routes::paginatorRouteBase::execute_model::::method::start:20 rqgt_hash
tools.js:134 routes::paginatorRouteBase::routes::paginatorRouteBase::execute_model::::method::start:21 created_at
tools.js:134 routes::paginatorRouteBase::routes::paginatorRouteBase::execute_model::::method::start:22 filter_created_at
tools.js:134 routes::paginatorRouteBase::routes::paginatorRouteBase::execute_model::::method::start:23 rqequal_created_at
tools.js:134 routes::paginatorRouteBase::routes::paginatorRouteBase::execute_model::::method::start:24 rqlt_created_at
tools.js:134 routes::paginatorRouteBase::routes::paginatorRouteBase::execute_model::::method::start:25 rqgt_created_at
tools.js:134 routes::paginatorRouteBase::routes::paginatorRouteBase::execute_model::::method::start:26 changed_at
tools.js:134 routes::paginatorRouteBase::routes::paginatorRouteBase::execute_model::::method::start:27 filter_changed_at
tools.js:134 routes::paginatorRouteBase::routes::paginatorRouteBase::execute_model::::method::start:28 rqequal_changed_at
tools.js:134 routes::paginatorRouteBase::routes::paginatorRouteBase::execute_model::::method::start:29 rqlt_changed_at
tools.js:134 routes::paginatorRouteBase::routes::paginatorRouteBase::execute_model::::method::start:30 rqgt_changed_at
tools.js:134 routes::paginatorRouteBase::routes::paginatorRouteBase::execute_model::::method::start:31 rqorder
tools.js:134 routes::paginatorRouteBase::routes::paginatorRouteBase::execute_model::::method::start:32 filter_rqorder
tools.js:134 routes::paginatorRouteBase::routes::paginatorRouteBase::execute_model::::method::start:33 rqequal_rqorder
tools.js:134 routes::paginatorRouteBase::routes::paginatorRouteBase::execute_model::::method::start:34 rqlt_rqorder
tools.js:134 routes::paginatorRouteBase::routes::paginatorRouteBase::execute_model::::method::start:35 rqgt_rqorder
tools.js:134 routes::paginatorRouteBase::routes::paginatorRouteBase::execute_model::::method::start:36 rqkey
tools.js:134 routes::paginatorRouteBase::routes::paginatorRouteBase::execute_model::::method::start:37 filter_rqkey
tools.js:134 routes::paginatorRouteBase::routes::paginatorRouteBase::execute_model::::method::start:38 rqequal_rqkey
tools.js:134 routes::paginatorRouteBase::routes::paginatorRouteBase::execute_model::::method::start:39 rqlt_rqkey
tools.js:134 routes::paginatorRouteBase::routes::paginatorRouteBase::execute_model::::method::start:40 rqgt_rqkey
tools.js:134 routes::paginatorRouteBase::routes::paginatorRouteBase::execute_model::::method::start:41 rqvalue
tools.js:134 routes::paginatorRouteBase::routes::paginatorRouteBase::execute_model::::method::start:42 filter_rqvalue
tools.js:134 routes::paginatorRouteBase::routes::paginatorRouteBase::execute_model::::method::start:43 rqequal_rqvalue
tools.js:134 routes::paginatorRouteBase::routes::paginatorRouteBase::execute_model::::method::start:44 rqlt_rqvalue
tools.js:134 routes::paginatorRouteBase::routes::paginatorRouteBase::execute_model::::method::start:45 rqgt_rqvalue
tools.js:134 routes::paginatorRouteBase::routes::paginatorRouteBase::execute_model::::method::start:46 revision
tools.js:134 routes::paginatorRouteBase::routes::paginatorRouteBase::execute_model::::method::start:47 filter_revision
tools.js:134 routes::paginatorRouteBase::routes::paginatorRouteBase::execute_model::::method::start:48 rqequal_revision
tools.js:134 routes::paginatorRouteBase::routes::paginatorRouteBase::execute_model::::method::start:49 rqlt_revision
tools.js:134 routes::paginatorRouteBase::routes::paginatorRouteBase::execute_model::::method::start:50 rqgt_revision
tools.js:134 routes::paginatorRouteBase::routes::paginatorRouteBase::execute_model::::method::start:51 created_by
tools.js:134 routes::paginatorRouteBase::routes::paginatorRouteBase::execute_model::::method::start:52 filter_created_by
tools.js:134 routes::paginatorRouteBase::routes::paginatorRouteBase::execute_model::::method::start:53 rqequal_created_by
tools.js:134 routes::paginatorRouteBase::routes::paginatorRouteBase::execute_model::::method::start:54 rqlt_created_by
tools.js:134 routes::paginatorRouteBase::routes::paginatorRouteBase::execute_model::::method::start:55 rqgt_created_by
tools.js:134 routes::paginatorRouteBase::routes::paginatorRouteBase::execute_model::::method::start:56 changed_by
tools.js:134 routes::paginatorRouteBase::routes::paginatorRouteBase::execute_model::::method::start:57 filter_changed_by
tools.js:134 routes::paginatorRouteBase::routes::paginatorRouteBase::execute_model::::method::start:58 rqequal_changed_by
tools.js:134 routes::paginatorRouteBase::routes::paginatorRouteBase::execute_model::::method::start:59 rqlt_changed_by
tools.js:134 routes::paginatorRouteBase::routes::paginatorRouteBase::execute_model::::method::start:60 rqgt_changed_by
tools.js:134 routes::paginatorRouteBase::routes::paginatorRouteBase::execute_model::::method::start:61 rquser_id
tools.js:134 routes::paginatorRouteBase::routes::paginatorRouteBase::execute_model::::method::start:62 filter_rquser_id
tools.js:134 routes::paginatorRouteBase::routes::paginatorRouteBase::execute_model::::method::start:63 rqequal_rquser_id
tools.js:134 routes::paginatorRouteBase::routes::paginatorRouteBase::execute_model::::method::start:64 rqlt_rquser_id
tools.js:134 routes::paginatorRouteBase::routes::paginatorRouteBase::execute_model::::method::start:65 rqgt_rquser_id
tools.js:134 routes::paginatorRouteBase::routes::paginatorRouteBase::execute_model::::method::start:66 rqrole_id
tools.js:134 routes::paginatorRouteBase::routes::paginatorRouteBase::execute_model::::method::start:67 filter_rqrole_id
tools.js:134 routes::paginatorRouteBase::routes::paginatorRouteBase::execute_model::::method::start:68 rqequal_rqrole_id
tools.js:134 routes::paginatorRouteBase::routes::paginatorRouteBase::execute_model::::method::start:69 rqlt_rqrole_id
tools.js:134 routes::paginatorRouteBase::routes::paginatorRouteBase::execute_model::::method::start:70 rqgt_rqrole_id
tools.js:134 routes::paginatorRouteBase::           ==================================================================
tools.js:134 routes::paginatorRouteBase::           =
tools.js:134 routes::paginatorRouteBase::           =routes::paginatorRouteBase::::execute_model::::query::start_dbg_obj
tools.js:134 routes::paginatorRouteBase::           {"page":1}
tools.js:134 routes::paginatorRouteBase::           =routes::paginatorRouteBase::::execute_model::::query::end_dbg_obj
tools.js:134 routes::paginatorRouteBase::           =
tools.js:134 routes::paginatorRouteBase::           ==================================================================
tools.js:134 routes::paginatorRouteBase::routes::paginatorRouteBase::execute_model::::s_domainjxpgenrquserrolexitem
tools.js:134 routes::paginatorRouteBase::routes::paginatorRouteBase::execute_model::::method::end
tools.js:134 routes::paginatorRouteBase::routes::paginatorRouteBase::model::method::end
tools.js:134 routes::paginatorRouteBase::routes::paginatorRouteBase::Router::jxpgenrquserrolexitem::jxllist::model::model_parent_end::
tools.js:134 routes::paginatorRouteBase::routes::paginatorRouteBase::Router::jxpgenrquserrolexitem::jxllist::model::end::
ember.debug.js:56707 Transition #4: jxpgenrquserrolexitem.jxlist: calling afterModel hook
ember.debug.js:56707 Transition #4: Resolved all models on destination route; finalizing transition.
ember.debug.js:29368 Could not find "jxpgenrquserrolexitem" template or view. Nothing will be rendered Object {fullName: "template:jxpgenrquserrolexitem"}
tools.js:134 routes::paginatorRouteBase::routes::paginatorRouteBase::Router::jxpgenrquserrolexitem::jxllist::setupController::start::
tools.js:134 routes::paginatorRouteBase::routes::paginatorRouteBase::Router::jxpgenrquserrolexitem::jxllist::setupController::paginator_setupController_call_start::
tools.js:134 routes::paginatorRouteBase::routes::paginatorRouteBase::setupController::method::start::
tools.js:134 routes::paginatorRouteBase::           
tools.js:134 routes::paginatorRouteBase::           routes::paginatorRouteBase::::setupController_meta_pagination::start_dbg_obj
tools.js:134 routes::paginatorRouteBase::           {"page":1,"pages":1,"count":2}
tools.js:134 routes::paginatorRouteBase::           routes::paginatorRouteBase::::setupController_meta_pagination::end_dbg_obj
tools.js:134 routes::paginatorRouteBase::           
tools.js:134 routes::paginatorRouteBase::routes::paginatorRouteBase::setupController::method::end::
tools.js:134 routes::paginatorRouteBase::routes::paginatorRouteBase::Router::jxpgenrquserrolexitem::jxllist::setupController::paginator_setupController_call_end::
tools.js:134 routes::paginatorRouteBase::routes::paginatorRouteBase::Router::jxpgenrquserrolexitem::jxllist::setupController::pcontroller.setProperties_start::
tools.js:134 DAO_defviewcol::DAO_defviewcol::DAO_defviewcol::::getColumnsDefByVievName::start::jxpgenrquserrolexitem
tools.js:134 DAO_query::DAO_query::DAO_query::::xpgen_queryReferencedArray::start::
tools.js:134 DAO_query::DAO_query::xpgen_query::start::undefined[xpgenrqdefviewxitem]
tools.js:134 DAO_query::           
tools.js:134 DAO_query::           DAO_query::::provided_query_params::xpgenrqdefviewxitem::start_dbg_obj
tools.js:134 DAO_query::           {"rqequal_slug":"jxpgenrquserrolexitem"}
tools.js:134 DAO_query::           DAO_query::::provided_query_params::xpgenrqdefviewxitem::end_dbg_obj
tools.js:134 DAO_query::           
tools.js:134 DAO_query::DAO_query::xpgen_query::provided_query_domain::undefined[xpgenrqdefviewxitem]
tools.js:134 DAO_query::DAO_query::xpgen_query::::method_execute_start::
tools.js:134 DAO_query::DAO_query::xpgen_query::method_execute_end::
tools.js:134 DAO_query::DAO_query::xpgen_query::::end::xpgenrqdefviewxitem
tools.js:134 DAO_query::           
tools.js:134 DAO_query::           DAO_query::::DAO_query::::xpgen_queryReferencedArray::provided_cols::::start_dbg_obj
tools.js:134 DAO_query::           {"_id":403,"_subscribers":[]}
tools.js:134 DAO_query::           DAO_query::::DAO_query::::xpgen_queryReferencedArray::provided_cols::::end_dbg_obj
tools.js:134 DAO_query::           
tools.js:134 DAO_query::DAO_query::DAO_query::::xpgen_queryReferencedArray::end::
tools.js:134 DAO_defviewcol::           
tools.js:134 DAO_defviewcol::           DAO_defviewcol::::DAO_defviewcol::::getColumnsDefByVievName::xpgen_queryReferencedArray_end::jxpgenrquserrolexitem::start_dbg_obj
tools.js:134 DAO_defviewcol::           null
tools.js:134 DAO_defviewcol::           DAO_defviewcol::::DAO_defviewcol::::getColumnsDefByVievName::xpgen_queryReferencedArray_end::jxpgenrquserrolexitem::end_dbg_obj
tools.js:134 DAO_defviewcol::           
tools.js:134 DAO_defviewcol::DAO_defviewcol::DAO_defviewcol::::getColumnsDefByVievName::end::jxpgenrquserrolexitem
tools.js:134 routes::paginatorRouteBase::routes::paginatorRouteBase::Router::jxpgenrquserrolexitem::jxllist::setupController::pcontroller.setProperties_end::
tools.js:134 routes::paginatorRouteBase::routes::paginatorRouteBase::Router::jxpgenrquserrolexitem::jxllist::setupController::end::
ember.debug.js:29594 Transitioned into 'jxpgenrquserrolexitem.jxlist'
ember.debug.js:56707 Transition #4: TRANSITION COMPLETE.
tools.js:134 CoreServices::CoreServices::format-col-name:[jxpgenrquserrolexitem]
tools.js:134 DAO_colformat::DAO_colformat::constructor::function::prototype::start::
tools.js:134 DAO_tablenames::DAO_tablenames::DAO_tablenames::constructor::function::prototype::start::
tools.js:134 DAO_tablenames::DAO_tablenames::DAO_tablenames::constructor::function::prototype::end::
tools.js:134 DAO_colformat::DAO_colformat::constructor::function::prototype::end::
tools.js:134 DAO_colformat::DAO_colformat::DAO_colformat::::xpgen_getColName::::start::jxpgenrquserrolexitem
tools.js:134 DAO_tablenames::DAO_tablenames::DAO_tablenames::::xpgen_getTableName::::start::jxpgenrquserrolexitem
tools.js:134 DAO_tablenames::DAO_tablenames::DAO_tablenames::::xpgen_getTableName::::end::
tools.js:134 DAO_colformat::DAO_colformat::formatColName::start::[jxpgenrquserrolexitem]
tools.js:134 DAO_colformat::DAO_colformat::formatColName::end::[jxpgenrquserrolexitem][SCATE userrole]
tools.js:134 DAO_colformat::DAO_colformat::DAO_colformat::::xpgen_getColName::::end::SCATE userrole
tools.js:134 CoreServices::CoreServices::format-col-name:[jxpgenrquserrolexitem][SCATE userrole]
tools.js:134 CoreServices::CoreServices::Controller::jxpgenrquserrolexitem::jxllist::typesColumns::computed::hooked::start::
tools.js:134 CoreServices::CoreServices::Router::jxpgenrquserrolexitem::Dao_gridcolumns::xpgen_getGridColumnsHooked::start::
tools.js:134 DAO_hookcolumn::DAO_hookcolumn::constructor::function::prototype::start::
tools.js:134 DAO_hookcolumn::DAO_hookcolumn::constructor::function::prototype::end::
tools.js:134 DAO_hookcolumn::DAO_hookcolumn::DAO_hookcolumn:: xpgen_getGridColumnsHook::::start::jxpgenrquserrolexitem
tools.js:134 DAO_hookcolumn::DAO_hookcolumn::DAO_hookcolumn:: xpgen_jshintcheck::::start::
tools.js:134 DAO_hookcolumn::DAO_hookcolumn::DAO_hookcolumn:: xpgen_jshintcheck::::end::
tools.js:134 DAO_hookcolumn::DAO_hookcolumn::DAO_hookcolumn:: xpgen_jshintcheck::::start::
tools.js:134 DAO_hookcolumn::DAO_hookcolumn::DAO_hookcolumn:: xpgen_jshintcheck::::end::
tools.js:134 DAO_hookcolumn::DAO_hookcolumn::DAO_hookcolumn:: xpgen_jshintcheck::::start::
tools.js:134 DAO_hookcolumn::DAO_hookcolumn::DAO_hookcolumn:: xpgen_jshintcheck::::end::
tools.js:134 DAO_hookcolumn::DAO_hookcolumn::DAO_hookcolumn:: xpgen_jshintcheck::::start::
tools.js:134 DAO_hookcolumn::DAO_hookcolumn::DAO_hookcolumn:: xpgen_jshintcheck::::end::
tools.js:134 DAO_hookcolumn::DAO_hookcolumn::DAO_hookcolumn:: xpgen_jshintcheck::::start::
tools.js:134 DAO_hookcolumn::DAO_hookcolumn::DAO_hookcolumn:: xpgen_jshintcheck::::end::
tools.js:134 DAO_hookcolumn::DAO_hookcolumn::DAO_hookcolumn:: xpgen_getGridColumnsHook::::end::
tools.js:134 CoreServices::CoreServices::Router::jxpgenrquserrolexitem::Dao_gridcolumns::xpgen_getGridColumnsHooked::is_no_hooked::
tools.js:134 CoreServices::CoreServices::Router::jxpgenrquserrolexitem::Dao_gridcolumns::xpgen_getGridColumns::::start::
tools.js:134 CoreServices::CoreServices::Router::jxpgenrquserrolexitem::Dao_gridcolumns::xpgen_jshint::start::
tools.js:134 CoreServices::CoreServices::Router::jxpgenrquserrolexitem::Dao_gridcolumns::xpgen_jshint::end::
tools.js:134 CoreServices::CoreServices::Router::jxpgenrquserrolexitem::Dao_gridcolumns::xpgen_jshint::start::
tools.js:134 CoreServices::CoreServices::Router::jxpgenrquserrolexitem::Dao_gridcolumns::xpgen_jshint::end::
tools.js:134 CoreServices::CoreServices::Router::jxpgenrquserrolexitem::Dao_gridcolumns::xpgen_jshint::start::
tools.js:134 CoreServices::CoreServices::Router::jxpgenrquserrolexitem::Dao_gridcolumns::xpgen_jshint::end::
tools.js:134 CoreServices::CoreServices::Router::jxpgenrquserrolexitem::Dao_gridcolumns::xpgen_jshint::start::
tools.js:134 CoreServices::CoreServices::Router::jxpgenrquserrolexitem::Dao_gridcolumns::xpgen_jshint::end::
tools.js:134 DAO_query::DAO_query::DAO_query::::constructor::start::
tools.js:134 DAO_query::DAO_query::DAO_query::::constructor::end::
tools.js:134 DAO_defviewcol::DAO_defviewcol::constructor::function::prototype::start::
tools.js:134 DAO_defviewcol::DAO_defviewcol::constructor::function::prototype::end::
tools.js:134 DAO_defviewcol::DAO_defviewcol::DAO_defviewcol::::xpgen_getCol::start::
tools.js:134 DAO_defviewcol::DAO_defviewcol::DAO_defviewcol::::xpgen_getCol::Router::jxpgenrquserrolexitem::Dao_gridcolumns::xpgen_getGridColumns::::computed_defs
tools.js:134 DAO_defviewcol::DAO_defviewcol::setParamsList::::start::
tools.js:134 DAO_defviewcol::DAO_defviewcol::setParamsList::::set_col_view_params::
tools.js:134 DAO_defviewcol::           
tools.js:134 DAO_defviewcol::           DAO_defviewcol::::setParamsList::::set_col_view_params_table::::start_dbg_obj
tools.js:134 DAO_defviewcol::           [{"genf_id":122,"genf_label":"genf_rqrole_id","genf_slug":"genf_rqrole_id","genf_revision":null,"genf_hash":"$xpgenrqdefcolumnxitem$b13ea2435812fa65562d47d1693f20d84941dd66d3359a92962761bea0d5c28a","genf_created_at":1487494868,"genf_created_by":8011,"genf_changed_at":1487494868,"genf_changed_by":8011,"genf_rqorder":null,"genf_rqkey":"genf_rqrole_id","genf_rqvalue":"0","genf_rqstatus":null,"genf_rqactions":null,"genf_rqitemtype":"genf_rqrole_id","genf_rqdefview_id":122},{"genf_id":123,"genf_label":"genf_slug","genf_slug":"genf_slug","genf_revision":null,"genf_hash":"$xpgenrqdefcolumnxitem$eed9b6f948664b58d6e033a901e096bee9376e9e0ed68eac7359b131e3204b0d","genf_created_at":1487494982,"genf_created_by":8011,"genf_changed_at":1487498935,"genf_changed_by":8011,"genf_rqorder":null,"genf_rqkey":"genf_slug","genf_rqvalue":"NOT-DISPLAYED","genf_rqstatus":null,"genf_rqactions":null,"genf_rqitemtype":null,"genf_rqdefview_id":122}]
tools.js:134 DAO_defviewcol::           DAO_defviewcol::::setParamsList::::set_col_view_params_table::::end_dbg_obj
tools.js:134 DAO_defviewcol::           
tools.js:134 DAO_defviewcol::DAO_defviewcol::setParamsList::::end::
tools.js:134 DAO_defviewcol::DAO_defviewcol::DAO_defviewcol::::xpgen_getCol::start::
tools.js:134 DAO_query::DAO_query::DAO_query::::constructor::start::
tools.js:134 DAO_query::DAO_query::DAO_query::::constructor::end::
tools.js:134 DAO_defviewcol::DAO_defviewcol::constructor::function::prototype::start::
tools.js:134 DAO_defviewcol::DAO_defviewcol::constructor::function::prototype::end::
tools.js:134 DAO_query::DAO_query::DAO_query::::setStore::start::
tools.js:134 DAO_query::DAO_query::DAO_query::::setStore::end::
tools.js:134 DAO_defviewcol::DAO_defviewcol::DAO_defviewcol::::xpgen_getCol::start::
tools.js:134 DAO_defviewcol::DAO_defviewcol::DAO_defviewcol::::xpgen_getCol::provided_col_propertys::genf_id
tools.js:134 DAO_defviewcol::DAO_defviewcol::DAO_defviewcol::::xpgen_getCol::provided_col_title::genf_id
tools.js:134 DAO_defviewcol::DAO_defviewcol::DAO_defviewcol::::colsNotPresented::start::genf_id
tools.js:134 DAO_defviewcol::DAO_defviewcol::getParamValue::::start::[genf_id][0]
tools.js:134 DAO_defviewcol::DAO_defviewcol::getParamValue::::end_null_params::[genf_id][0]
tools.js:134 DAO_defviewcol::DAO_defviewcol::getParamValue::::end::[genf_id][0]
tools.js:134 DAO_defviewcol::DAO_defviewcol::DAO_defviewcol::::xpgen_getCol::retrieved_param::::0
tools.js:134 DAO_defviewcol::DAO_defviewcol::DAO_defviewcol::::xpgen_getCol::retrieved_param::::0 column_displayed genf_id
tools.js:134 DAO_defviewcol::DAO_defviewcol::DAO_defviewcol::::xpgen_getCol::promise_resolved_col_to_add::
tools.js:134 DAO_defviewcol::DAO_defviewcol::formColName::method::start::[genf_id]
tools.js:134 DAO_defviewcol::DAO_defviewcol::formColName::method::start::[Id]
tools.js:134 DAO_defviewcol::DAO_defviewcol::DAO_defviewcol::::xpgen_getCol::promise_resolved_col_title::Id genf_id
tools.js:134 DAO_defviewcol::DAO_defviewcol::DAO_defviewcol::::xpgen_getCol::end::
tools.js:134 DAO_defviewcol::DAO_defviewcol::DAO_defviewcol::::xpgen_getCol::start::
tools.js:134 DAO_defviewcol::DAO_defviewcol::DAO_defviewcol::::xpgen_getCol::provided_col_propertys::genf_label
tools.js:134 DAO_defviewcol::DAO_defviewcol::DAO_defviewcol::::xpgen_getCol::provided_col_title::genf_label
tools.js:134 DAO_defviewcol::DAO_defviewcol::DAO_defviewcol::::colsNotPresented::start::genf_label
tools.js:134 DAO_defviewcol::DAO_defviewcol::getParamValue::::start::[genf_label][0]
tools.js:134 DAO_defviewcol::DAO_defviewcol::getParamValue::::end_null_params::[genf_label][0]
tools.js:134 DAO_defviewcol::DAO_defviewcol::getParamValue::::end::[genf_label][0]
tools.js:134 DAO_defviewcol::DAO_defviewcol::DAO_defviewcol::::xpgen_getCol::retrieved_param::::0
tools.js:134 DAO_defviewcol::DAO_defviewcol::DAO_defviewcol::::xpgen_getCol::retrieved_param::::0 column_displayed genf_label
tools.js:134 DAO_defviewcol::DAO_defviewcol::DAO_defviewcol::::xpgen_getCol::promise_resolved_col_to_add::
tools.js:134 DAO_defviewcol::DAO_defviewcol::formColName::method::start::[genf_label]
tools.js:134 DAO_defviewcol::DAO_defviewcol::formColName::method::start::[Label]
tools.js:134 DAO_defviewcol::DAO_defviewcol::DAO_defviewcol::::xpgen_getCol::promise_resolved_col_title::Label genf_label
tools.js:134 DAO_defviewcol::DAO_defviewcol::DAO_defviewcol::::xpgen_getCol::end::
tools.js:134 DAO_defviewcol::DAO_defviewcol::DAO_defviewcol::::xpgen_getCol::start::
tools.js:134 DAO_defviewcol::DAO_defviewcol::DAO_defviewcol::::xpgen_getCol::provided_col_propertys::genf_revision.genf_id
tools.js:134 DAO_defviewcol::DAO_defviewcol::DAO_defviewcol::::xpgen_getCol::provided_col_title::genf_revision
tools.js:134 DAO_defviewcol::DAO_defviewcol::DAO_defviewcol::::colsNotPresented::start::genf_revision.genf_id
tools.js:134 DAO_defviewcol::DAO_defviewcol::getParamValue::::start::[genf_revision.genf_id][0]
tools.js:134 DAO_defviewcol::DAO_defviewcol::getParamValue::::end_null_params::[genf_revision.genf_id][0]
tools.js:134 DAO_defviewcol::DAO_defviewcol::getParamValue::::end::[genf_revision.genf_id][0]
tools.js:134 DAO_defviewcol::DAO_defviewcol::DAO_defviewcol::::xpgen_getCol::retrieved_param::::0
tools.js:134 DAO_defviewcol::DAO_defviewcol::DAO_defviewcol::::xpgen_getCol::retrieved_param::::0 column_displayed genf_revision.genf_id
tools.js:134 DAO_defviewcol::DAO_defviewcol::DAO_defviewcol::::xpgen_getCol::promise_resolved_col_to_add::
tools.js:134 DAO_defviewcol::DAO_defviewcol::formColName::method::start::[genf_revision]
tools.js:134 DAO_defviewcol::DAO_defviewcol::formColName::method::start::[Revision]
tools.js:134 DAO_defviewcol::DAO_defviewcol::DAO_defviewcol::::xpgen_getCol::promise_resolved_col_title::Revision genf_revision.genf_id
tools.js:134 DAO_defviewcol::DAO_defviewcol::DAO_defviewcol::::xpgen_getCol::end::
tools.js:134 DAO_defviewcol::DAO_defviewcol::DAO_defviewcol::::xpgen_getTemplateForJoin::start::
tools.js:134 DAO_defviewcol::DAO_defviewcol::DAO_defviewcol::::xpgen_getFeaturesInGrid::start::
tools.js:134 DAO_defviewcol::DAO_defviewcol::DAO_defviewcol::::xpgen_getFeaturesInGrid::end::1
tools.js:134 DAO_defviewcol::DAO_defviewcol::DAO_defviewcol::::xpgen_getTemplateForJoin::is_handled::
tools.js:134 DAO_defviewcol::DAO_defviewcol::formColName::method::start::[genf_revision]
tools.js:134 DAO_defviewcol::DAO_defviewcol::formColName::method::start::[Revision]
tools.js:134 DAO_defviewcol::           
tools.js:134 DAO_defviewcol::           DAO_defviewcol::::DAO_defviewcol::::xpgen_getTemplateForJoin::added_item_features::::start_dbg_obj
tools.js:134 DAO_defviewcol::           {"title":"Revision","template":"jxpgenrquserrolexitem/transitionto/jxlist_frm_item_genf_revision"}
tools.js:134 DAO_defviewcol::           DAO_defviewcol::::DAO_defviewcol::::xpgen_getTemplateForJoin::added_item_features::::end_dbg_obj
tools.js:134 DAO_defviewcol::           
tools.js:134 DAO_defviewcol::DAO_defviewcol::DAO_defviewcol::::xpgen_getTemplateForJoin::end::
tools.js:134 DAO_defviewcol::DAO_defviewcol::DAO_defviewcol::::xpgen_getCol::start::
tools.js:134 DAO_defviewcol::DAO_defviewcol::DAO_defviewcol::::xpgen_getCol::provided_col_propertys::genf_created_by.genf_username
tools.js:134 DAO_defviewcol::DAO_defviewcol::DAO_defviewcol::::xpgen_getCol::provided_col_title::genf_created_by
tools.js:134 DAO_defviewcol::DAO_defviewcol::DAO_defviewcol::::colsNotPresented::start::genf_created_by.genf_username
tools.js:134 DAO_defviewcol::DAO_defviewcol::getParamValue::::start::[genf_created_by.genf_username][0]
tools.js:134 DAO_defviewcol::DAO_defviewcol::getParamValue::::end_null_params::[genf_created_by.genf_username][0]
tools.js:134 DAO_defviewcol::DAO_defviewcol::getParamValue::::end::[genf_created_by.genf_username][0]
tools.js:134 DAO_defviewcol::DAO_defviewcol::DAO_defviewcol::::xpgen_getCol::retrieved_param::::0
tools.js:134 DAO_defviewcol::DAO_defviewcol::DAO_defviewcol::::xpgen_getCol::retrieved_param::::0 column_displayed genf_created_by.genf_username
tools.js:134 DAO_defviewcol::DAO_defviewcol::DAO_defviewcol::::xpgen_getCol::promise_resolved_col_to_add::
tools.js:134 DAO_defviewcol::DAO_defviewcol::formColName::method::start::[genf_created_by]
tools.js:134 DAO_defviewcol::DAO_defviewcol::formColName::method::start::[Created by]
tools.js:134 DAO_defviewcol::DAO_defviewcol::DAO_defviewcol::::xpgen_getCol::promise_resolved_col_title::Created by genf_created_by.genf_username
tools.js:134 DAO_defviewcol::DAO_defviewcol::DAO_defviewcol::::xpgen_getCol::end::
tools.js:134 DAO_defviewcol::DAO_defviewcol::DAO_defviewcol::::xpgen_getTemplateForJoin::start::
tools.js:134 DAO_defviewcol::DAO_defviewcol::DAO_defviewcol::::xpgen_getFeaturesInGrid::start::
tools.js:134 DAO_defviewcol::DAO_defviewcol::DAO_defviewcol::::xpgen_getFeaturesInGrid::end::1
tools.js:134 DAO_defviewcol::DAO_defviewcol::DAO_defviewcol::::xpgen_getTemplateForJoin::is_handled::
tools.js:134 DAO_defviewcol::DAO_defviewcol::formColName::method::start::[genf_created_by]
tools.js:134 DAO_defviewcol::DAO_defviewcol::formColName::method::start::[Created by]
tools.js:134 DAO_defviewcol::           
tools.js:134 DAO_defviewcol::           DAO_defviewcol::::DAO_defviewcol::::xpgen_getTemplateForJoin::added_item_features::::start_dbg_obj
tools.js:134 DAO_defviewcol::           {"title":"Created by","template":"jxpgenrquserrolexitem/transitionto/jxlist_frm_item_genf_created_by"}
tools.js:134 DAO_defviewcol::           DAO_defviewcol::::DAO_defviewcol::::xpgen_getTemplateForJoin::added_item_features::::end_dbg_obj
tools.js:134 DAO_defviewcol::           
tools.js:134 DAO_defviewcol::DAO_defviewcol::DAO_defviewcol::::xpgen_getTemplateForJoin::end::
tools.js:134 DAO_defviewcol::DAO_defviewcol::DAO_defviewcol::::xpgen_getCol::start::
tools.js:134 DAO_defviewcol::DAO_defviewcol::DAO_defviewcol::::xpgen_getCol::provided_col_propertys::genf_changed_by.genf_username
tools.js:134 DAO_defviewcol::DAO_defviewcol::DAO_defviewcol::::xpgen_getCol::provided_col_title::genf_changed_by
tools.js:134 DAO_defviewcol::DAO_defviewcol::DAO_defviewcol::::colsNotPresented::start::genf_changed_by.genf_username
tools.js:134 DAO_defviewcol::DAO_defviewcol::getParamValue::::start::[genf_changed_by.genf_username][0]
tools.js:134 DAO_defviewcol::DAO_defviewcol::getParamValue::::end_null_params::[genf_changed_by.genf_username][0]
tools.js:134 DAO_defviewcol::DAO_defviewcol::getParamValue::::end::[genf_changed_by.genf_username][0]
tools.js:134 DAO_defviewcol::DAO_defviewcol::DAO_defviewcol::::xpgen_getCol::retrieved_param::::0
tools.js:134 DAO_defviewcol::DAO_defviewcol::DAO_defviewcol::::xpgen_getCol::retrieved_param::::0 column_displayed genf_changed_by.genf_username
tools.js:134 DAO_defviewcol::DAO_defviewcol::DAO_defviewcol::::xpgen_getCol::promise_resolved_col_to_add::
tools.js:134 DAO_defviewcol::DAO_defviewcol::formColName::method::start::[genf_changed_by]
tools.js:134 DAO_defviewcol::DAO_defviewcol::formColName::method::start::[Changed by]
tools.js:134 DAO_defviewcol::DAO_defviewcol::DAO_defviewcol::::xpgen_getCol::promise_resolved_col_title::Changed by genf_changed_by.genf_username
tools.js:134 DAO_defviewcol::DAO_defviewcol::DAO_defviewcol::::xpgen_getCol::end::
tools.js:134 DAO_defviewcol::DAO_defviewcol::DAO_defviewcol::::xpgen_getTemplateForJoin::start::
tools.js:134 DAO_defviewcol::DAO_defviewcol::DAO_defviewcol::::xpgen_getFeaturesInGrid::start::
tools.js:134 DAO_defviewcol::DAO_defviewcol::DAO_defviewcol::::xpgen_getFeaturesInGrid::end::1
tools.js:134 DAO_defviewcol::DAO_defviewcol::DAO_defviewcol::::xpgen_getTemplateForJoin::is_handled::
tools.js:134 DAO_defviewcol::DAO_defviewcol::formColName::method::start::[genf_changed_by]
tools.js:134 DAO_defviewcol::DAO_defviewcol::formColName::method::start::[Changed by]
tools.js:134 DAO_defviewcol::           
tools.js:134 DAO_defviewcol::           DAO_defviewcol::::DAO_defviewcol::::xpgen_getTemplateForJoin::added_item_features::::start_dbg_obj
tools.js:134 DAO_defviewcol::           {"title":"Changed by","template":"jxpgenrquserrolexitem/transitionto/jxlist_frm_item_genf_changed_by"}
tools.js:134 DAO_defviewcol::           DAO_defviewcol::::DAO_defviewcol::::xpgen_getTemplateForJoin::added_item_features::::end_dbg_obj
tools.js:134 DAO_defviewcol::           
tools.js:134 DAO_defviewcol::DAO_defviewcol::DAO_defviewcol::::xpgen_getTemplateForJoin::end::
tools.js:134 DAO_defviewcol::DAO_defviewcol::DAO_defviewcol::::xpgen_getCol::start::
tools.js:134 DAO_defviewcol::DAO_defviewcol::DAO_defviewcol::::xpgen_getCol::provided_col_propertys::genf_rquser_id.genf_username
tools.js:134 DAO_defviewcol::DAO_defviewcol::DAO_defviewcol::::xpgen_getCol::provided_col_title::genf_rquser_id
tools.js:134 DAO_defviewcol::DAO_defviewcol::DAO_defviewcol::::colsNotPresented::start::genf_rquser_id.genf_username
tools.js:134 DAO_defviewcol::DAO_defviewcol::getParamValue::::start::[genf_rquser_id.genf_username][0]
tools.js:134 DAO_defviewcol::DAO_defviewcol::getParamValue::::end_null_params::[genf_rquser_id.genf_username][0]
tools.js:134 DAO_defviewcol::DAO_defviewcol::getParamValue::::end::[genf_rquser_id.genf_username][0]
tools.js:134 DAO_defviewcol::DAO_defviewcol::DAO_defviewcol::::xpgen_getCol::retrieved_param::::0
tools.js:134 DAO_defviewcol::DAO_defviewcol::DAO_defviewcol::::xpgen_getCol::retrieved_param::::0 column_displayed genf_rquser_id.genf_username
tools.js:134 DAO_defviewcol::DAO_defviewcol::DAO_defviewcol::::xpgen_getCol::promise_resolved_col_to_add::
tools.js:134 DAO_defviewcol::DAO_defviewcol::formColName::method::start::[genf_rquser_id]
tools.js:134 DAO_defviewcol::DAO_defviewcol::formColName::method::start::[User]
tools.js:134 DAO_defviewcol::DAO_defviewcol::DAO_defviewcol::::xpgen_getCol::promise_resolved_col_title::User genf_rquser_id.genf_username
tools.js:134 DAO_defviewcol::DAO_defviewcol::DAO_defviewcol::::xpgen_getCol::end::
tools.js:134 DAO_defviewcol::DAO_defviewcol::DAO_defviewcol::::xpgen_getTemplateForJoin::start::
tools.js:134 DAO_defviewcol::DAO_defviewcol::DAO_defviewcol::::xpgen_getFeaturesInGrid::start::
tools.js:134 DAO_defviewcol::DAO_defviewcol::DAO_defviewcol::::xpgen_getFeaturesInGrid::end::1
tools.js:134 DAO_defviewcol::DAO_defviewcol::DAO_defviewcol::::xpgen_getTemplateForJoin::is_handled::
tools.js:134 DAO_defviewcol::DAO_defviewcol::formColName::method::start::[genf_rquser_id]
tools.js:134 DAO_defviewcol::DAO_defviewcol::formColName::method::start::[User]
tools.js:134 DAO_defviewcol::           
tools.js:134 DAO_defviewcol::           DAO_defviewcol::::DAO_defviewcol::::xpgen_getTemplateForJoin::added_item_features::::start_dbg_obj
tools.js:134 DAO_defviewcol::           {"title":"User","template":"jxpgenrquserrolexitem/transitionto/jxlist_frm_item_genf_rquser_id"}
tools.js:134 DAO_defviewcol::           DAO_defviewcol::::DAO_defviewcol::::xpgen_getTemplateForJoin::added_item_features::::end_dbg_obj
tools.js:134 DAO_defviewcol::           
tools.js:134 DAO_defviewcol::DAO_defviewcol::DAO_defviewcol::::xpgen_getTemplateForJoin::end::
tools.js:134 DAO_defviewcol::DAO_defviewcol::DAO_defviewcol::::xpgen_getCol::start::
tools.js:134 DAO_defviewcol::DAO_defviewcol::DAO_defviewcol::::xpgen_getCol::provided_col_propertys::genf_rqrole_id.genf_label
tools.js:134 DAO_defviewcol::DAO_defviewcol::DAO_defviewcol::::xpgen_getCol::provided_col_title::genf_rqrole_id
tools.js:134 DAO_defviewcol::DAO_defviewcol::DAO_defviewcol::::colsNotPresented::start::genf_rqrole_id.genf_label
tools.js:134 DAO_defviewcol::DAO_defviewcol::getParamValue::::start::[genf_rqrole_id.genf_label][0]
tools.js:134 DAO_defviewcol::DAO_defviewcol::getParamValue::::end_null_params::[genf_rqrole_id.genf_label][0]
tools.js:134 DAO_defviewcol::DAO_defviewcol::getParamValue::::end::[genf_rqrole_id.genf_label][0]
tools.js:134 DAO_defviewcol::DAO_defviewcol::DAO_defviewcol::::xpgen_getCol::retrieved_param::::0
tools.js:134 DAO_defviewcol::DAO_defviewcol::DAO_defviewcol::::xpgen_getCol::retrieved_param::::0 column_displayed genf_rqrole_id.genf_label
tools.js:134 DAO_defviewcol::DAO_defviewcol::DAO_defviewcol::::xpgen_getCol::promise_resolved_col_to_add::
tools.js:134 DAO_defviewcol::DAO_defviewcol::formColName::method::start::[genf_rqrole_id]
tools.js:134 DAO_defviewcol::DAO_defviewcol::formColName::method::start::[Role]
tools.js:134 DAO_defviewcol::DAO_defviewcol::DAO_defviewcol::::xpgen_getCol::promise_resolved_col_title::Role genf_rqrole_id.genf_label
tools.js:134 DAO_defviewcol::DAO_defviewcol::DAO_defviewcol::::xpgen_getCol::end::
tools.js:134 DAO_defviewcol::DAO_defviewcol::DAO_defviewcol::::xpgen_getTemplateForJoin::start::
tools.js:134 DAO_defviewcol::DAO_defviewcol::DAO_defviewcol::::xpgen_getFeaturesInGrid::start::
tools.js:134 DAO_defviewcol::DAO_defviewcol::DAO_defviewcol::::xpgen_getFeaturesInGrid::end::1
tools.js:134 DAO_defviewcol::DAO_defviewcol::DAO_defviewcol::::xpgen_getTemplateForJoin::is_handled::
tools.js:134 DAO_defviewcol::DAO_defviewcol::formColName::method::start::[genf_rqrole_id]
tools.js:134 DAO_defviewcol::DAO_defviewcol::formColName::method::start::[Role]
tools.js:134 DAO_defviewcol::           
tools.js:134 DAO_defviewcol::           DAO_defviewcol::::DAO_defviewcol::::xpgen_getTemplateForJoin::added_item_features::::start_dbg_obj
tools.js:134 DAO_defviewcol::           {"title":"Role","template":"jxpgenrquserrolexitem/transitionto/jxlist_frm_item_genf_rqrole_id"}
tools.js:134 DAO_defviewcol::           DAO_defviewcol::::DAO_defviewcol::::xpgen_getTemplateForJoin::added_item_features::::end_dbg_obj
tools.js:134 DAO_defviewcol::           
tools.js:134 DAO_defviewcol::DAO_defviewcol::DAO_defviewcol::::xpgen_getTemplateForJoin::end::
tools.js:134 DAO_defviewcol::DAO_defviewcol::DAO_defviewcol::::xpgen_getCol::start::
tools.js:134 DAO_defviewcol::DAO_defviewcol::DAO_defviewcol::::xpgen_getCol::provided_col_propertys::genf_created_at_formatted
tools.js:134 DAO_defviewcol::DAO_defviewcol::DAO_defviewcol::::xpgen_getCol::provided_col_title::genf_created_at
tools.js:134 DAO_defviewcol::DAO_defviewcol::DAO_defviewcol::::colsNotPresented::start::genf_created_at_formatted
tools.js:134 DAO_defviewcol::DAO_defviewcol::getParamValue::::start::[genf_created_at_formatted][0]
tools.js:134 DAO_defviewcol::DAO_defviewcol::getParamValue::::end_null_params::[genf_created_at_formatted][0]
tools.js:134 DAO_defviewcol::DAO_defviewcol::getParamValue::::end::[genf_created_at_formatted][0]
tools.js:134 DAO_defviewcol::DAO_defviewcol::DAO_defviewcol::::xpgen_getCol::retrieved_param::::0
tools.js:134 DAO_defviewcol::DAO_defviewcol::DAO_defviewcol::::xpgen_getCol::retrieved_param::::0 column_displayed genf_created_at_formatted
tools.js:134 DAO_defviewcol::DAO_defviewcol::DAO_defviewcol::::xpgen_getCol::promise_resolved_col_to_add::
tools.js:134 DAO_defviewcol::DAO_defviewcol::formColName::method::start::[genf_created_at]
tools.js:134 DAO_defviewcol::DAO_defviewcol::formColName::method::start::[Created at]
tools.js:134 DAO_defviewcol::DAO_defviewcol::DAO_defviewcol::::xpgen_getCol::promise_resolved_col_title::Created at genf_created_at_formatted
tools.js:134 DAO_defviewcol::DAO_defviewcol::DAO_defviewcol::::xpgen_getCol::end::
tools.js:134 DAO_defviewcol::DAO_defviewcol::DAO_defviewcol::::xpgen_getCol::start::
tools.js:134 DAO_defviewcol::DAO_defviewcol::DAO_defviewcol::::xpgen_getCol::provided_col_propertys::genf_changed_at_formatted
tools.js:134 DAO_defviewcol::DAO_defviewcol::DAO_defviewcol::::xpgen_getCol::provided_col_title::genf_changed_at
tools.js:134 DAO_defviewcol::DAO_defviewcol::DAO_defviewcol::::colsNotPresented::start::genf_changed_at_formatted
tools.js:134 DAO_defviewcol::DAO_defviewcol::getParamValue::::start::[genf_changed_at_formatted][0]
tools.js:134 DAO_defviewcol::DAO_defviewcol::getParamValue::::end_null_params::[genf_changed_at_formatted][0]
tools.js:134 DAO_defviewcol::DAO_defviewcol::getParamValue::::end::[genf_changed_at_formatted][0]
tools.js:134 DAO_defviewcol::DAO_defviewcol::DAO_defviewcol::::xpgen_getCol::retrieved_param::::0
tools.js:134 DAO_defviewcol::DAO_defviewcol::DAO_defviewcol::::xpgen_getCol::retrieved_param::::0 column_displayed genf_changed_at_formatted
tools.js:134 DAO_defviewcol::DAO_defviewcol::DAO_defviewcol::::xpgen_getCol::promise_resolved_col_to_add::
tools.js:134 DAO_defviewcol::DAO_defviewcol::formColName::method::start::[genf_changed_at]
tools.js:134 DAO_defviewcol::DAO_defviewcol::formColName::method::start::[Changed at]
tools.js:134 DAO_defviewcol::DAO_defviewcol::DAO_defviewcol::::xpgen_getCol::promise_resolved_col_title::Changed at genf_changed_at_formatted
tools.js:134 DAO_defviewcol::DAO_defviewcol::DAO_defviewcol::::xpgen_getCol::end::
tools.js:134 DAO_defviewcol::DAO_defviewcol::DAO_defviewcol::::xpgen_getCol::start::
tools.js:134 DAO_defviewcol::DAO_defviewcol::DAO_defviewcol::::xpgen_getCol::provided_col_propertys::genf_id
tools.js:134 DAO_defviewcol::DAO_defviewcol::DAO_defviewcol::::xpgen_getCol::provided_col_title::genf_id
tools.js:134 DAO_defviewcol::DAO_defviewcol::DAO_defviewcol::::colsNotPresented::start::genf_id
tools.js:134 DAO_defviewcol::DAO_defviewcol::getParamValue::::start::[genf_id][0]
tools.js:134 DAO_defviewcol::DAO_defviewcol::getParamValue::::end_null_params::[genf_id][0]
tools.js:134 DAO_defviewcol::DAO_defviewcol::getParamValue::::end::[genf_id][0]
tools.js:134 DAO_defviewcol::DAO_defviewcol::DAO_defviewcol::::xpgen_getCol::retrieved_param::::0
tools.js:134 DAO_defviewcol::DAO_defviewcol::DAO_defviewcol::::xpgen_getCol::retrieved_param::::0 column_displayed genf_id
tools.js:134 DAO_defviewcol::DAO_defviewcol::DAO_defviewcol::::xpgen_getCol::promise_resolved_col_to_add::
tools.js:134 DAO_defviewcol::DAO_defviewcol::formColName::method::start::[genf_id]
tools.js:134 DAO_defviewcol::DAO_defviewcol::formColName::method::start::[Id]
tools.js:134 DAO_defviewcol::DAO_defviewcol::DAO_defviewcol::::xpgen_getCol::promise_resolved_col_title::Id genf_id
tools.js:134 DAO_defviewcol::DAO_defviewcol::DAO_defviewcol::::xpgen_getCol::end::
tools.js:134 DAO_defviewcol::DAO_defviewcol::DAO_defviewcol::::xpgen_getCol::start::
tools.js:134 DAO_defviewcol::DAO_defviewcol::DAO_defviewcol::::xpgen_getCol::provided_col_propertys::genf_label
tools.js:134 DAO_defviewcol::DAO_defviewcol::DAO_defviewcol::::xpgen_getCol::provided_col_title::genf_label
tools.js:134 DAO_defviewcol::DAO_defviewcol::DAO_defviewcol::::colsNotPresented::start::genf_label
tools.js:134 DAO_defviewcol::DAO_defviewcol::getParamValue::::start::[genf_label][0]
tools.js:134 DAO_defviewcol::DAO_defviewcol::getParamValue::::end_null_params::[genf_label][0]
tools.js:134 DAO_defviewcol::DAO_defviewcol::getParamValue::::end::[genf_label][0]
tools.js:134 DAO_defviewcol::DAO_defviewcol::DAO_defviewcol::::xpgen_getCol::retrieved_param::::0
tools.js:134 DAO_defviewcol::DAO_defviewcol::DAO_defviewcol::::xpgen_getCol::retrieved_param::::0 column_displayed genf_label
tools.js:134 DAO_defviewcol::DAO_defviewcol::DAO_defviewcol::::xpgen_getCol::promise_resolved_col_to_add::
tools.js:134 DAO_defviewcol::DAO_defviewcol::formColName::method::start::[genf_label]
tools.js:134 DAO_defviewcol::DAO_defviewcol::formColName::method::start::[Label]
tools.js:134 DAO_defviewcol::DAO_defviewcol::DAO_defviewcol::::xpgen_getCol::promise_resolved_col_title::Label genf_label
tools.js:134 DAO_defviewcol::DAO_defviewcol::DAO_defviewcol::::xpgen_getCol::end::
tools.js:134 DAO_defviewcol::DAO_defviewcol::DAO_defviewcol::::xpgen_getCol::start::
tools.js:134 DAO_defviewcol::DAO_defviewcol::DAO_defviewcol::::xpgen_getCol::provided_col_propertys::genf_slug
tools.js:134 DAO_defviewcol::DAO_defviewcol::DAO_defviewcol::::xpgen_getCol::provided_col_title::genf_slug
tools.js:134 DAO_defviewcol::DAO_defviewcol::DAO_defviewcol::::colsNotPresented::start::genf_slug
tools.js:134 DAO_defviewcol::DAO_defviewcol::getParamValue::::start::[genf_slug][0]
tools.js:134 DAO_defviewcol::DAO_defviewcol::getParamValue::::end_null_params::[genf_slug][0]
tools.js:134 DAO_defviewcol::DAO_defviewcol::getParamValue::::end::[genf_slug][0]
tools.js:134 DAO_defviewcol::DAO_defviewcol::DAO_defviewcol::::xpgen_getCol::retrieved_param::::0
tools.js:134 DAO_defviewcol::DAO_defviewcol::DAO_defviewcol::::xpgen_getCol::retrieved_param::::0 column_displayed genf_slug
tools.js:134 DAO_defviewcol::DAO_defviewcol::DAO_defviewcol::::xpgen_getCol::promise_resolved_col_to_add::
tools.js:134 DAO_defviewcol::DAO_defviewcol::formColName::method::start::[genf_slug]
tools.js:134 DAO_defviewcol::DAO_defviewcol::formColName::method::start::[Slug]
tools.js:134 DAO_defviewcol::DAO_defviewcol::DAO_defviewcol::::xpgen_getCol::promise_resolved_col_title::Slug genf_slug
tools.js:134 DAO_defviewcol::DAO_defviewcol::DAO_defviewcol::::xpgen_getCol::end::
tools.js:134 DAO_defviewcol::DAO_defviewcol::DAO_defviewcol::::xpgen_getCol::start::
tools.js:134 DAO_defviewcol::DAO_defviewcol::DAO_defviewcol::::xpgen_getCol::provided_col_propertys::genf_hash
tools.js:134 DAO_defviewcol::DAO_defviewcol::DAO_defviewcol::::xpgen_getCol::provided_col_title::genf_hash
tools.js:134 DAO_defviewcol::DAO_defviewcol::DAO_defviewcol::::colsNotPresented::start::genf_hash
tools.js:134 DAO_defviewcol::DAO_defviewcol::DAO_defviewcol::::xpgen_getCol::colsNotPresented::::genf_hash column_ommited
tools.js:134 DAO_defviewcol::DAO_defviewcol::DAO_defviewcol::::xpgen_getCol::start::
tools.js:134 DAO_defviewcol::DAO_defviewcol::DAO_defviewcol::::xpgen_getCol::provided_col_propertys::genf_created_at
tools.js:134 DAO_defviewcol::DAO_defviewcol::DAO_defviewcol::::xpgen_getCol::provided_col_title::genf_created_at
tools.js:134 DAO_defviewcol::DAO_defviewcol::DAO_defviewcol::::colsNotPresented::start::genf_created_at
tools.js:134 DAO_defviewcol::DAO_defviewcol::getParamValue::::start::[genf_created_at][0]
tools.js:134 DAO_defviewcol::DAO_defviewcol::getParamValue::::end_null_params::[genf_created_at][0]
tools.js:134 DAO_defviewcol::DAO_defviewcol::getParamValue::::end::[genf_created_at][0]
tools.js:134 DAO_defviewcol::DAO_defviewcol::DAO_defviewcol::::xpgen_getCol::retrieved_param::::0
tools.js:134 DAO_defviewcol::DAO_defviewcol::DAO_defviewcol::::xpgen_getCol::retrieved_param::::0 column_displayed genf_created_at
tools.js:134 DAO_defviewcol::DAO_defviewcol::DAO_defviewcol::::xpgen_getCol::promise_resolved_col_to_add::
tools.js:134 DAO_defviewcol::DAO_defviewcol::formColName::method::start::[genf_created_at]
tools.js:134 DAO_defviewcol::DAO_defviewcol::formColName::method::start::[Created at]
tools.js:134 DAO_defviewcol::DAO_defviewcol::DAO_defviewcol::::xpgen_getCol::promise_resolved_col_title::Created at genf_created_at
tools.js:134 DAO_defviewcol::DAO_defviewcol::DAO_defviewcol::::xpgen_getCol::end::
tools.js:134 DAO_defviewcol::DAO_defviewcol::DAO_defviewcol::::xpgen_getCol::start::
tools.js:134 DAO_defviewcol::DAO_defviewcol::DAO_defviewcol::::xpgen_getCol::provided_col_propertys::genf_changed_at
tools.js:134 DAO_defviewcol::DAO_defviewcol::DAO_defviewcol::::xpgen_getCol::provided_col_title::genf_changed_at
tools.js:134 DAO_defviewcol::DAO_defviewcol::DAO_defviewcol::::colsNotPresented::start::genf_changed_at
tools.js:134 DAO_defviewcol::DAO_defviewcol::getParamValue::::start::[genf_changed_at][0]
tools.js:134 DAO_defviewcol::DAO_defviewcol::getParamValue::::end_null_params::[genf_changed_at][0]
tools.js:134 DAO_defviewcol::DAO_defviewcol::getParamValue::::end::[genf_changed_at][0]
tools.js:134 DAO_defviewcol::DAO_defviewcol::DAO_defviewcol::::xpgen_getCol::retrieved_param::::0
tools.js:134 DAO_defviewcol::DAO_defviewcol::DAO_defviewcol::::xpgen_getCol::retrieved_param::::0 column_displayed genf_changed_at
tools.js:134 DAO_defviewcol::DAO_defviewcol::DAO_defviewcol::::xpgen_getCol::promise_resolved_col_to_add::
tools.js:134 DAO_defviewcol::DAO_defviewcol::formColName::method::start::[genf_changed_at]
tools.js:134 DAO_defviewcol::DAO_defviewcol::formColName::method::start::[Changed at]
tools.js:134 DAO_defviewcol::DAO_defviewcol::DAO_defviewcol::::xpgen_getCol::promise_resolved_col_title::Changed at genf_changed_at
tools.js:134 DAO_defviewcol::DAO_defviewcol::DAO_defviewcol::::xpgen_getCol::end::
tools.js:134 DAO_defviewcol::DAO_defviewcol::DAO_defviewcol::::xpgen_getCol::start::
tools.js:134 DAO_defviewcol::DAO_defviewcol::DAO_defviewcol::::xpgen_getCol::provided_col_propertys::genf_rqorder
tools.js:134 DAO_defviewcol::DAO_defviewcol::DAO_defviewcol::::xpgen_getCol::provided_col_title::genf_rqorder
tools.js:134 DAO_defviewcol::DAO_defviewcol::DAO_defviewcol::::colsNotPresented::start::genf_rqorder
tools.js:134 DAO_defviewcol::DAO_defviewcol::getParamValue::::start::[genf_rqorder][0]
tools.js:134 DAO_defviewcol::DAO_defviewcol::getParamValue::::end_null_params::[genf_rqorder][0]
tools.js:134 DAO_defviewcol::DAO_defviewcol::getParamValue::::end::[genf_rqorder][0]
tools.js:134 DAO_defviewcol::DAO_defviewcol::DAO_defviewcol::::xpgen_getCol::retrieved_param::::0
tools.js:134 DAO_defviewcol::DAO_defviewcol::DAO_defviewcol::::xpgen_getCol::retrieved_param::::0 column_displayed genf_rqorder
tools.js:134 DAO_defviewcol::DAO_defviewcol::DAO_defviewcol::::xpgen_getCol::promise_resolved_col_to_add::
tools.js:134 DAO_defviewcol::DAO_defviewcol::formColName::method::start::[genf_rqorder]
tools.js:134 DAO_defviewcol::DAO_defviewcol::formColName::method::start::[Order]
tools.js:134 DAO_defviewcol::DAO_defviewcol::DAO_defviewcol::::xpgen_getCol::promise_resolved_col_title::Order genf_rqorder
tools.js:134 DAO_defviewcol::DAO_defviewcol::DAO_defviewcol::::xpgen_getCol::end::
tools.js:134 DAO_defviewcol::DAO_defviewcol::DAO_defviewcol::::xpgen_getCol::start::
tools.js:134 DAO_defviewcol::DAO_defviewcol::DAO_defviewcol::::xpgen_getCol::provided_col_propertys::genf_rqkey
tools.js:134 DAO_defviewcol::DAO_defviewcol::DAO_defviewcol::::xpgen_getCol::provided_col_title::genf_rqkey
tools.js:134 DAO_defviewcol::DAO_defviewcol::DAO_defviewcol::::colsNotPresented::start::genf_rqkey
tools.js:134 DAO_defviewcol::DAO_defviewcol::getParamValue::::start::[genf_rqkey][0]
tools.js:134 DAO_defviewcol::DAO_defviewcol::getParamValue::::end_null_params::[genf_rqkey][0]
tools.js:134 DAO_defviewcol::DAO_defviewcol::getParamValue::::end::[genf_rqkey][0]
tools.js:134 DAO_defviewcol::DAO_defviewcol::DAO_defviewcol::::xpgen_getCol::retrieved_param::::0
tools.js:134 DAO_defviewcol::DAO_defviewcol::DAO_defviewcol::::xpgen_getCol::retrieved_param::::0 column_displayed genf_rqkey
tools.js:134 DAO_defviewcol::DAO_defviewcol::DAO_defviewcol::::xpgen_getCol::promise_resolved_col_to_add::
tools.js:134 DAO_defviewcol::DAO_defviewcol::formColName::method::start::[genf_rqkey]
tools.js:134 DAO_defviewcol::DAO_defviewcol::formColName::method::start::[Key]
tools.js:134 DAO_defviewcol::DAO_defviewcol::DAO_defviewcol::::xpgen_getCol::promise_resolved_col_title::Key genf_rqkey
tools.js:134 DAO_defviewcol::DAO_defviewcol::DAO_defviewcol::::xpgen_getCol::end::
tools.js:134 DAO_defviewcol::DAO_defviewcol::DAO_defviewcol::::xpgen_getCol::start::
tools.js:134 DAO_defviewcol::DAO_defviewcol::DAO_defviewcol::::xpgen_getCol::provided_col_propertys::genf_rqvalue
tools.js:134 DAO_defviewcol::DAO_defviewcol::DAO_defviewcol::::xpgen_getCol::provided_col_title::genf_rqvalue
tools.js:134 DAO_defviewcol::DAO_defviewcol::DAO_defviewcol::::colsNotPresented::start::genf_rqvalue
tools.js:134 DAO_defviewcol::DAO_defviewcol::getParamValue::::start::[genf_rqvalue][0]
tools.js:134 DAO_defviewcol::DAO_defviewcol::getParamValue::::end_null_params::[genf_rqvalue][0]
tools.js:134 DAO_defviewcol::DAO_defviewcol::getParamValue::::end::[genf_rqvalue][0]
tools.js:134 DAO_defviewcol::DAO_defviewcol::DAO_defviewcol::::xpgen_getCol::retrieved_param::::0
tools.js:134 DAO_defviewcol::DAO_defviewcol::DAO_defviewcol::::xpgen_getCol::retrieved_param::::0 column_displayed genf_rqvalue
tools.js:134 DAO_defviewcol::DAO_defviewcol::DAO_defviewcol::::xpgen_getCol::promise_resolved_col_to_add::
tools.js:134 DAO_defviewcol::DAO_defviewcol::formColName::method::start::[genf_rqvalue]
tools.js:134 DAO_defviewcol::DAO_defviewcol::formColName::method::start::[Value]
tools.js:134 DAO_defviewcol::DAO_defviewcol::DAO_defviewcol::::xpgen_getCol::promise_resolved_col_title::Value genf_rqvalue
tools.js:134 DAO_defviewcol::DAO_defviewcol::DAO_defviewcol::::xpgen_getCol::end::
tools.js:134 CoreServices::CoreServices::Router::jxpgenrquserrolexitem::Dao_gridcolumns::xpgen_getGridColumns::::end::
tools.js:134 CoreServices::CoreServices::Router::jxpgenrquserrolexitem::Dao_gridcolumns::xpgen_getGridColumnsHooked::end::
tools.js:134 CoreServices::CoreServices::Controller::jxpgenrquserrolexitem::jxllist::typesColumns::computed::hooked::end::
tools.js:134 CoreServices::CoreServices::helpers::range::start::
tools.js:134 CoreServices::CoreServices::helpers::range::end_success::
tools.js:134 DAO_query::DAO_query::DAO_query::::xpgen_queryReferencedArray::resolved_query_table_0::
tools.js:134 DAO_query::DAO_query::DAO_query::::xpgen_queryReferencedArray::s_table_1_refcol::[rqequal_rqdefview_id]
tools.js:134 DAO_query::DAO_query::DAO_query::::xpgen_queryReferencedArray::s_table_0_id::[122]
tools.js:134 DAO_query::DAO_query::xpgen_query::start::undefined[xpgenrqdefcolumnxitem]
tools.js:134 DAO_query::           
tools.js:134 DAO_query::           DAO_query::::provided_query_params::xpgenrqdefcolumnxitem::start_dbg_obj
tools.js:134 DAO_query::           {"rqequal_rqdefview_id":"122"}
tools.js:134 DAO_query::           DAO_query::::provided_query_params::xpgenrqdefcolumnxitem::end_dbg_obj
tools.js:134 DAO_query::           
tools.js:134 DAO_query::DAO_query::xpgen_query::provided_query_domain::undefined[xpgenrqdefcolumnxitem]
tools.js:134 DAO_query::DAO_query::xpgen_query::::method_execute_start::
tools.js:134 DAO_query::DAO_query::xpgen_query::method_execute_end::
tools.js:134 DAO_query::DAO_query::xpgen_query::::end::xpgenrqdefcolumnxitem
tools.js:134 DAO_query::DAO_query::DAO_query::::xpgen_queryReferencedArray::resolved_query_table_0_reurn_rows::
tools.js:134 routes::paginatorRouteBase::routes::paginatorRouteBase::mdLogArr_start:Router::jxpgenrquserrolexitem::jxllist::setupController::resolved_provided_cols::
tools.js:134 routes::paginatorRouteBase::           
tools.js:134 routes::paginatorRouteBase::           routes::paginatorRouteBase::::CoreServices::mdLogArr_provided_array::start_dbg_obj
tools.js:134 routes::paginatorRouteBase::           [{"genf_id":122,"genf_label":"genf_rqrole_id","genf_slug":"genf_rqrole_id","genf_revision":null,"genf_hash":"$xpgenrqdefcolumnxitem$b13ea2435812fa65562d47d1693f20d84941dd66d3359a92962761bea0d5c28a","genf_created_at":1487494868,"genf_created_by":8011,"genf_changed_at":1487494868,"genf_changed_by":8011,"genf_rqorder":null,"genf_rqkey":"genf_rqrole_id","genf_rqvalue":"0","genf_rqstatus":null,"genf_rqactions":null,"genf_rqitemtype":"genf_rqrole_id","genf_rqdefview_id":122},{"genf_id":123,"genf_label":"genf_slug","genf_slug":"genf_slug","genf_revision":null,"genf_hash":"$xpgenrqdefcolumnxitem$eed9b6f948664b58d6e033a901e096bee9376e9e0ed68eac7359b131e3204b0d","genf_created_at":1487494982,"genf_created_by":8011,"genf_changed_at":1487498935,"genf_changed_by":8011,"genf_rqorder":null,"genf_rqkey":"genf_slug","genf_rqvalue":"NOT-DISPLAYED","genf_rqstatus":null,"genf_rqactions":null,"genf_rqitemtype":null,"genf_rqdefview_id":122}]
tools.js:134 routes::paginatorRouteBase::           routes::paginatorRouteBase::::CoreServices::mdLogArr_provided_array::end_dbg_obj
tools.js:134 routes::paginatorRouteBase::           
tools.js:134 routes::paginatorRouteBase::routes::paginatorRouteBase::mdLogArr_end:Router::jxpgenrquserrolexitem::jxllist::setupController::resolved_provided_cols::
